=========================================
Test ID = 0
 Class = DetTrian
 Method = public triangle
 arglist[0]=new Integer(7)
 arglist[1]=new Integer(-3)
 arglist[2]=new Integer(-5)
=========================================
Test ID = 1
 Class = DetTrian
 Method = public triangle
 arglist[0]=new Integer(-5)
 arglist[1]=new Integer(-5)
 arglist[2]=new Integer(101)
=========================================
Test ID = 2
 Class = DetTrian
 Method = public triangle
 arglist[0]=new Integer(7)
 arglist[1]=new Integer(40)
 arglist[2]=new Integer(-8)
=========================================
Test ID = 3
 Class = DetTrian
 Method = public triangle
 arglist[0]=new Integer(23)
 arglist[1]=new Integer(15)
 arglist[2]=new Integer(-5)
=========================================
Test ID = 4
 Class = DetTrian
 Method = public triangle
 arglist[0]=new Integer(68)
 arglist[1]=new Integer(47)
 arglist[2]=new Integer(105)
=========================================
Test ID = 5
 Class = DetTrian
 Method = public triangle
 arglist[0]=new Integer(70)
 arglist[1]=new Integer(-17)
 arglist[2]=new Integer(-10)
=========================================
Test ID = 6
 Class = DetTrian
 Method = public triangle
 arglist[0]=new Integer(2)
 arglist[1]=new Integer(40)
 arglist[2]=new Integer(-40)
=========================================
Test ID = 7
 Class = DetTrian
 Method = public triangle
 arglist[0]=new Integer(10)
 arglist[1]=new Integer(5)
 arglist[2]=new Integer(5)
=========================================
Test ID = 8
 Class = DetTrian
 Method = public triangle
 arglist[0]=new Integer(49)
 arglist[1]=new Integer(10)
 arglist[2]=new Integer(25)
=========================================
Test ID = 9
 Class = DetTrian
 Method = public triangle
 arglist[0]=new Integer(12)
 arglist[1]=new Integer(25)
 arglist[2]=new Integer(9)
=========================================
Test ID = 10
 Class = DetTrian
 Method = public triangle
 arglist[0]=new Integer(28)
 arglist[1]=new Integer(6)
 arglist[2]=new Integer(29)
=========================================
Test ID = 11
 Class = DetTrian
 Method = public triangle
 arglist[0]=new Integer(25)
 arglist[1]=new Integer(25)
 arglist[2]=new Integer(17)
=========================================
Test ID = 12
 Class = DetTrian
 Method = public triangle
 arglist[0]=new Integer(26)
 arglist[1]=new Integer(26)
 arglist[2]=new Integer(26)
=========================================
Test ID = 13
 Class = DetTrian
 Method = public triangle
 arglist[0]=new Integer(10)
 arglist[1]=new Integer(38)
 arglist[2]=new Integer(17)
=========================================
Test ID = 14
 Class = DetTrian
 Method = public triangle
 arglist[0]=new Integer(-15)
 arglist[1]=new Integer(40)
 arglist[2]=new Integer(-5)
